Using pre-set license
Built from '2021.3/staging' branch; Version is '2021.3.24f1 (cf10dcf7010d) revision 13570268'; Using compiler version '192829333'; Build Type 'Release'
OS: 'Windows 11  (10.0.22621) 64bit CoreSingleLanguage' Language: 'en' Physical Memory: 15790 MB
BatchMode: 1, IsHumanControllingUs: 0, StartBugReporterOnCrash: 0, Is64bit: 1, IsPro: 1

COMMAND LINE ARGUMENTS:
D:\2021.3.24f1\Editor\Unity.exe
-adb2
-batchMode
-noUpm
-name
AssetImportWorker1
-projectPath
E:/Avian_Hearts
-logFile
Logs/AssetImportWorker1.log
-srvPort
54832
Successfully changed project path to: E:/Avian_Hearts
E:/Avian_Hearts
[UnityMemory] Configuration Parameters - Can be set up in boot.config
    "memorysetup-bucket-allocator-granularity=16"
    "memorysetup-bucket-allocator-bucket-count=8"
    "memorysetup-bucket-allocator-block-size=33554432"
    "memorysetup-bucket-allocator-block-count=8"
    "memorysetup-main-allocator-block-size=16777216"
    "memorysetup-thread-allocator-block-size=16777216"
    "memorysetup-gfx-main-allocator-block-size=16777216"
    "memorysetup-gfx-thread-allocator-block-size=16777216"
    "memorysetup-cache-allocator-block-size=4194304"
    "memorysetup-typetree-allocator-block-size=2097152"
    "memorysetup-profiler-bucket-allocator-granularity=16"
    "memorysetup-profiler-bucket-allocator-bucket-count=8"
    "memorysetup-profiler-bucket-allocator-block-size=33554432"
    "memorysetup-profiler-bucket-allocator-block-count=8"
    "memorysetup-profiler-allocator-block-size=16777216"
    "memorysetup-profiler-editor-allocator-block-size=1048576"
    "memorysetup-temp-allocator-size-main=16777216"
    "memorysetup-job-temp-allocator-block-size=2097152"
    "memorysetup-job-temp-allocator-block-size-background=1048576"
    "memorysetup-job-temp-allocator-reduction-small-platforms=262144"
    "memorysetup-temp-allocator-size-background-worker=32768"
    "memorysetup-temp-allocator-size-job-worker=262144"
    "memorysetup-temp-allocator-size-preload-manager=33554432"
    "memorysetup-temp-allocator-size-nav-mesh-worker=65536"
    "memorysetup-temp-allocator-size-audio-worker=65536"
    "memorysetup-temp-allocator-size-cloud-worker=32768"
    "memorysetup-temp-allocator-size-gi-baking-worker=262144"
    "memorysetup-temp-allocator-size-gfx=262144"
Player connection [28016] Host "[IP] 192.168.80.1 [Port] 0 [Flags] 2 [Guid] 1017158059 [EditorId] 1017158059 [Version] 1048832 [Id] WindowsEditor(7,MJJY45) [Debug] 1 [PackageName] WindowsEditor [ProjectName] Editor" joined multi-casting on [225.0.0.222:54997]...

Player connection [28016] Host "[IP] 192.168.80.1 [Port] 0 [Flags] 2 [Guid] 1017158059 [EditorId] 1017158059 [Version] 1048832 [Id] WindowsEditor(7,MJJY45) [Debug] 1 [PackageName] WindowsEditor [ProjectName] Editor" joined alternative multi-casting on [225.0.0.222:34997]...

Default GameObject BitMask: UI already registered
Refreshing native plugins compatible for Editor in 102.95 ms, found 3 plugins.
Preloading 0 native plugins for Editor in 0.00 ms.
Initialize engine version: 2021.3.24f1 (cf10dcf7010d)
[Subsystems] Discovering subsystems at path D:/2021.3.24f1/Editor/Data/Resources/UnitySubsystems
[Subsystems] Discovering subsystems at path E:/Avian_Hearts/Assets
GfxDevice: creating device client; threaded=0; jobified=0
Direct3D:
    Version:  Direct3D 11.0 [level 11.1]
    Renderer: NVIDIA GeForce RTX 3050 Laptop GPU (ID=0x25a2)
    Vendor:   NVIDIA
    VRAM:     3977 MB
    Driver:   31.0.15.3640
Initialize mono
Mono path[0] = 'D:/2021.3.24f1/Editor/Data/Managed'
Mono path[1] = 'D:/2021.3.24f1/Editor/Data/MonoBleedingEdge/lib/mono/unityjit-win32'
Mono config path = 'D:/2021.3.24f1/Editor/Data/MonoBleedingEdge/etc'
Using monoOptions --debugger-agent=transport=dt_socket,embedding=1,server=y,suspend=n,address=127.0.0.1:56216
Begin MonoManager ReloadAssembly
Registering precompiled unity dll's ...
Register platform support module: D:/2021.3.24f1/Editor/Data/PlaybackEngines/WebGLSupport/UnityEditor.WebGL.Extensions.dll
Register platform support module: D:/2021.3.24f1/Editor/Data/PlaybackEngines/AndroidPlayer/UnityEditor.Android.Extensions.dll
Register platform support module: D:/2021.3.24f1/Editor/Data/PlaybackEngines/iOSSupport/UnityEditor.iOS.Extensions.dll
Register platform support module: D:/2021.3.24f1/Editor/Data/PlaybackEngines/WindowsStandaloneSupport/UnityEditor.WindowsStandalone.Extensions.dll
Registered in 0.001994 seconds.
Native extension for WindowsStandalone target not found
[usbmuxd] Start listen thread
[usbmuxd] Listen thread started
Native extension for iOS target not found
Native extension for Android target not found
Android Extension - Scanning For ADB Devices 401 ms
Native extension for WebGL target not found
Refreshing native plugins compatible for Editor in 102.04 ms, found 3 plugins.
Preloading 0 native plugins for Editor in 0.00 ms.
Mono: successfully reloaded assembly
- Completed reload, in  1.160 seconds
Domain Reload Profiling:
	ReloadAssembly (1160ms)
		BeginReloadAssembly (87ms)
			ExecutionOrderSort (0ms)
			DisableScriptedObjects (0ms)
			BackupInstance (0ms)
			ReleaseScriptingObjects (0ms)
			CreateAndSetChildDomain (1ms)
		EndReloadAssembly (971ms)
			LoadAssemblies (86ms)
			RebuildTransferFunctionScriptingTraits (0ms)
			SetupTypeCache (125ms)
			ReleaseScriptCaches (0ms)
			RebuildScriptCaches (36ms)
			SetupLoadedEditorAssemblies (754ms)
				LogAssemblyErrors (0ms)
				InitializePlatformSupportModulesInManaged (481ms)
				SetLoadedEditorAssemblies (0ms)
				RefreshPlugins (102ms)
				BeforeProcessingInitializeOnLoad (2ms)
				ProcessInitializeOnLoadAttributes (114ms)
				ProcessInitializeOnLoadMethodAttributes (54ms)
				AfterProcessingInitializeOnLoad (0ms)
				EditorAssembliesLoaded (0ms)
			ExecutionOrderSort2 (0ms)
			AwakeInstancesAfterBackupRestoration (0ms)
Platform modules already initialized, skipping
Registering precompiled user dll's ...
Registered in 0.003790 seconds.
Begin MonoManager ReloadAssembly
Symbol file LoadedFromMemory doesn't match image E:\Avian_Hearts\Library\PackageCache\com.unity.visualscripting@1.8.0\Editor\VisualScripting.Core\Dependencies\YamlDotNet\Unity.VisualScripting.YamlDotNet.dll
Symbol file LoadedFromMemory doesn't match image E:\Avian_Hearts\Library\PackageCache\com.unity.visualscripting@1.8.0\Editor\VisualScripting.Core\Dependencies\DotNetZip\Unity.VisualScripting.IonicZip.dll
Native extension for WindowsStandalone target not found
Native extension for iOS target not found
Native extension for Android target not found
Native extension for WebGL target not found
Refreshing native plugins compatible for Editor in 96.51 ms, found 3 plugins.
Preloading 0 native plugins for Editor in 0.00 ms.
Mono: successfully reloaded assembly
- Completed reload, in  1.389 seconds
Domain Reload Profiling:
	ReloadAssembly (1389ms)
		BeginReloadAssembly (142ms)
			ExecutionOrderSort (0ms)
			DisableScriptedObjects (11ms)
			BackupInstance (0ms)
			ReleaseScriptingObjects (0ms)
			CreateAndSetChildDomain (28ms)
		EndReloadAssembly (1115ms)
			LoadAssemblies (90ms)
			RebuildTransferFunctionScriptingTraits (0ms)
			SetupTypeCache (261ms)
			ReleaseScriptCaches (1ms)
			RebuildScriptCaches (58ms)
			SetupLoadedEditorAssemblies (689ms)
				LogAssemblyErrors (0ms)
				InitializePlatformSupportModulesInManaged (22ms)
				SetLoadedEditorAssemblies (0ms)
				RefreshPlugins (97ms)
				BeforeProcessingInitializeOnLoad (83ms)
				ProcessInitializeOnLoadAttributes (460ms)
				ProcessInitializeOnLoadMethodAttributes (26ms)
				AfterProcessingInitializeOnLoad (2ms)
				EditorAssembliesLoaded (0ms)
			ExecutionOrderSort2 (0ms)
			AwakeInstancesAfterBackupRestoration (5ms)
Platform modules already initialized, skipping
========================================================================
Worker process is ready to serve import requests
Default GameObject BitMask: UI already registered
Launched and connected shader compiler UnityShaderCompiler.exe after 0.05 seconds
Refreshing native plugins compatible for Editor in 0.77 ms, found 3 plugins.
Preloading 0 native plugins for Editor in 0.00 ms.
Unloading 3764 Unused Serialized files (Serialized files now loaded: 0)
Unloading 41 unused Assets / (185.3 KB). Loaded Objects now: 4244.
Memory consumption went from 218.1 MB to 217.9 MB.
Total: 4.028700 ms (FindLiveObjects: 0.352600 ms CreateObjectMapping: 0.123500 ms MarkObjects: 3.369500 ms  DeleteObjects: 0.181300 ms)

AssetImportParameters requested are different than current active one (requested -> active):
  custom:video-decoder-ogg-theora: a1e56fd34408186e4bbccfd4996cb3dc -> 
  custom:container-muxer-webm: aa71ff27fc2769a1b78a27578f13a17b -> 
  custom:container-demuxer-webm: 4f35f7cbe854078d1ac9338744f61a02 -> 
  custom:video-encoder-webm-vp8: eb34c28f22e8b96e1ab97ce403110664 -> 
  custom:video-codec-MediaFoundation-h265: 746d11721c4dcdbdad8f713fa42b33f4 -> 
  custom:audio-encoder-webm-vorbis: bf7c407c2cedff20999df2af8eb42d56 -> 
  custom:framework-win-MediaFoundation: 216162199b28c13a410421893ffa2e32 -> 
  custom:container-demuxer-ogg: 62fdf1f143b41e24485cea50d1cbac27 -> 
  custom:video-decoder-webm-vp8: 9c59270c3fd7afecdb556c50c9e8de78 -> 
  custom:audio-decoder-ogg-vorbis: bf7c407c2cedff20999df2af8eb42d56 -> 
========================================================================
Received Prepare
Default GameObject BitMask: UI already registered
Registering precompiled user dll's ...
Registered in 0.003236 seconds.
Begin MonoManager ReloadAssembly
Symbol file LoadedFromMemory doesn't match image E:\Avian_Hearts\Library\PackageCache\com.unity.visualscripting@1.8.0\Editor\VisualScripting.Core\Dependencies\YamlDotNet\Unity.VisualScripting.YamlDotNet.dll
Symbol file LoadedFromMemory doesn't match image E:\Avian_Hearts\Library\PackageCache\com.unity.visualscripting@1.8.0\Editor\VisualScripting.Core\Dependencies\DotNetZip\Unity.VisualScripting.IonicZip.dll
Native extension for WindowsStandalone target not found
Native extension for iOS target not found
Native extension for Android target not found
Native extension for WebGL target not found
Refreshing native plugins compatible for Editor in 0.71 ms, found 3 plugins.
Preloading 0 native plugins for Editor in 0.00 ms.
Mono: successfully reloaded assembly
- Completed reload, in  1.089 seconds
Domain Reload Profiling:
	ReloadAssembly (1090ms)
		BeginReloadAssembly (118ms)
			ExecutionOrderSort (0ms)
			DisableScriptedObjects (3ms)
			BackupInstance (0ms)
			ReleaseScriptingObjects (0ms)
			CreateAndSetChildDomain (37ms)
		EndReloadAssembly (894ms)
			LoadAssemblies (68ms)
			RebuildTransferFunctionScriptingTraits (0ms)
			SetupTypeCache (262ms)
			ReleaseScriptCaches (1ms)
			RebuildScriptCaches (36ms)
			SetupLoadedEditorAssemblies (489ms)
				LogAssemblyErrors (0ms)
				InitializePlatformSupportModulesInManaged (22ms)
				SetLoadedEditorAssemblies (0ms)
				RefreshPlugins (1ms)
				BeforeProcessingInitializeOnLoad (47ms)
				ProcessInitializeOnLoadAttributes (396ms)
				ProcessInitializeOnLoadMethodAttributes (21ms)
				AfterProcessingInitializeOnLoad (2ms)
				EditorAssembliesLoaded (0ms)
			ExecutionOrderSort2 (0ms)
			AwakeInstancesAfterBackupRestoration (5ms)
Platform modules already initialized, skipping
Refreshing native plugins compatible for Editor in 2.05 ms, found 3 plugins.
Preloading 0 native plugins for Editor in 0.00 ms.
Unloading 3728 Unused Serialized files (Serialized files now loaded: 0)
Unloading 19 unused Assets / (152.7 KB). Loaded Objects now: 4259.
Memory consumption went from 214.2 MB to 214.1 MB.
Total: 4.117800 ms (FindLiveObjects: 0.435800 ms CreateObjectMapping: 0.180200 ms MarkObjects: 3.358900 ms  DeleteObjects: 0.141400 ms)

AssetImportParameters requested are different than current active one (requested -> active):
  custom:video-decoder-ogg-theora: a1e56fd34408186e4bbccfd4996cb3dc -> 
  custom:container-muxer-webm: aa71ff27fc2769a1b78a27578f13a17b -> 
  custom:container-demuxer-webm: 4f35f7cbe854078d1ac9338744f61a02 -> 
  custom:video-encoder-webm-vp8: eb34c28f22e8b96e1ab97ce403110664 -> 
  custom:video-codec-MediaFoundation-h265: 746d11721c4dcdbdad8f713fa42b33f4 -> 
  custom:audio-encoder-webm-vorbis: bf7c407c2cedff20999df2af8eb42d56 -> 
  custom:framework-win-MediaFoundation: 216162199b28c13a410421893ffa2e32 -> 
  custom:container-demuxer-ogg: 62fdf1f143b41e24485cea50d1cbac27 -> 
  custom:video-decoder-webm-vp8: 9c59270c3fd7afecdb556c50c9e8de78 -> 
  custom:audio-decoder-ogg-vorbis: bf7c407c2cedff20999df2af8eb42d56 -> 
========================================================================
Received Import Request.
  Time since last request: 173217.513864 seconds.
  path: Assets/Etra Games/Etra'sStarterAssets/2-Source/ThirdParty/UnityParticlePack/UnityParticlePack/Weapon Effects/Prefabs/MuzzleFlash01.prefab
  artifactKey: Guid(ad2ab49d0a2a17148bd51c93d977bdbc) Importer(815301076,1909f56bfc062723c751e8b465ee728b)
Start importing Assets/Etra Games/Etra'sStarterAssets/2-Source/ThirdParty/UnityParticlePack/UnityParticlePack/Weapon Effects/Prefabs/MuzzleFlash01.prefab using Guid(ad2ab49d0a2a17148bd51c93d977bdbc) Importer(815301076,1909f56bfc062723c751e8b465ee728b)  -> (artifact id: 'bd4d973974a329f863b2394449903389') in 0.104639 seconds 
========================================================================
Received Prepare
Default GameObject BitMask: UI already registered
Registering precompiled user dll's ...
Registered in 0.002131 seconds.
Begin MonoManager ReloadAssembly
Symbol file LoadedFromMemory doesn't match image E:\Avian_Hearts\Library\PackageCache\com.unity.visualscripting@1.8.0\Editor\VisualScripting.Core\Dependencies\YamlDotNet\Unity.VisualScripting.YamlDotNet.dll
Symbol file LoadedFromMemory doesn't match image E:\Avian_Hearts\Library\PackageCache\com.unity.visualscripting@1.8.0\Editor\VisualScripting.Core\Dependencies\DotNetZip\Unity.VisualScripting.IonicZip.dll
Native extension for WindowsStandalone target not found
Native extension for iOS target not found
Native extension for Android target not found
Native extension for WebGL target not found
Refreshing native plugins compatible for Editor in 0.73 ms, found 3 plugins.
Preloading 0 native plugins for Editor in 0.00 ms.
[ScriptCompilation] NOT recompiling all scripts because this is an import worker process. Reason to compile was: Define symbols changed
System.ArgumentException: There is no a valid NamedBuildTarget for BuildTargetGroup 'PSM'
  at UnityEditor.Build.NamedBuildTarget.FromBuildTargetGroup (UnityEditor.BuildTargetGroup buildTargetGroup) [0x0014e] in <e3d2e3f6a525465bbf8c67432a3cb6ef>:0 
  at UnityEditor.PlayerSettings.GetScriptingDefineSymbolsForGroup (UnityEditor.BuildTargetGroup targetGroup) [0x00000] in <e3d2e3f6a525465bbf8c67432a3cb6ef>:0 
  at UnityStandardAssets.CrossPlatformInput.Inspector.CrossPlatformInitialize.GetDefinesList (UnityEditor.BuildTargetGroup group) [0x00000] in E:\Avian_Hearts\Assets\Standard Assets\Editor\CrossPlatformInput\CrossPlatformInputInitialize.cs:134 
  at UnityStandardAssets.CrossPlatformInput.Inspector.CrossPlatformInitialize.SetEnabled (System.String defineName, System.Boolean enable, System.Boolean mobile) [0x00018] in E:\Avian_Hearts\Assets\Standard Assets\Editor\CrossPlatformInput\CrossPlatformInputInitialize.cs:106 
  at UnityStandardAssets.CrossPlatformInput.Inspector.CrossPlatformInitialize..cctor () [0x00050] in E:\Avian_Hearts\Assets\Standard Assets\Editor\CrossPlatformInput\CrossPlatformInputInitialize.cs:22 
UnityEngine.StackTraceUtility:ExtractStackTrace ()
UnityEngine.DebugLogHandler:LogFormat (UnityEngine.LogType,UnityEngine.Object,string,object[])
UnityEngine.Logger:Log (UnityEngine.LogType,object)
UnityEngine.Debug:LogError (object)
UnityEditor.EditorAssemblies:ProcessInitializeOnLoadAttributes (System.Type[])

Mono: successfully reloaded assembly
- Completed reload, in  1.045 seconds
Domain Reload Profiling:
	ReloadAssembly (1046ms)
		BeginReloadAssembly (123ms)
			ExecutionOrderSort (0ms)
			DisableScriptedObjects (4ms)
			BackupInstance (0ms)
			ReleaseScriptingObjects (0ms)
			CreateAndSetChildDomain (36ms)
		EndReloadAssembly (846ms)
			LoadAssemblies (69ms)
			RebuildTransferFunctionScriptingTraits (0ms)
			SetupTypeCache (242ms)
			ReleaseScriptCaches (1ms)
			RebuildScriptCaches (38ms)
			SetupLoadedEditorAssemblies (459ms)
				LogAssemblyErrors (0ms)
				InitializePlatformSupportModulesInManaged (25ms)
				SetLoadedEditorAssemblies (0ms)
				RefreshPlugins (1ms)
				BeforeProcessingInitializeOnLoad (47ms)
				ProcessInitializeOnLoadAttributes (365ms)
				ProcessInitializeOnLoadMethodAttributes (19ms)
				AfterProcessingInitializeOnLoad (2ms)
				EditorAssembliesLoaded (0ms)
			ExecutionOrderSort2 (0ms)
			AwakeInstancesAfterBackupRestoration (5ms)
Platform modules already initialized, skipping
Refreshing native plugins compatible for Editor in 1.50 ms, found 3 plugins.
Preloading 0 native plugins for Editor in 0.00 ms.
Unloading 3728 Unused Serialized files (Serialized files now loaded: 0)
Unloading 19 unused Assets / (152.7 KB). Loaded Objects now: 4282.
Memory consumption went from 218.6 MB to 218.5 MB.
Total: 3.931800 ms (FindLiveObjects: 0.391700 ms CreateObjectMapping: 0.161900 ms MarkObjects: 3.238300 ms  DeleteObjects: 0.138800 ms)

AssetImportParameters requested are different than current active one (requested -> active):
  custom:video-decoder-ogg-theora: a1e56fd34408186e4bbccfd4996cb3dc -> 
  custom:container-muxer-webm: aa71ff27fc2769a1b78a27578f13a17b -> 
  custom:container-demuxer-webm: 4f35f7cbe854078d1ac9338744f61a02 -> 
  custom:video-encoder-webm-vp8: eb34c28f22e8b96e1ab97ce403110664 -> 
  custom:video-codec-MediaFoundation-h265: 746d11721c4dcdbdad8f713fa42b33f4 -> 
  custom:audio-encoder-webm-vorbis: bf7c407c2cedff20999df2af8eb42d56 -> 
  custom:framework-win-MediaFoundation: 216162199b28c13a410421893ffa2e32 -> 
  custom:container-demuxer-ogg: 62fdf1f143b41e24485cea50d1cbac27 -> 
  custom:video-decoder-webm-vp8: 9c59270c3fd7afecdb556c50c9e8de78 -> 
  custom:audio-decoder-ogg-vorbis: bf7c407c2cedff20999df2af8eb42d56 -> 
========================================================================
Received Import Request.
  Time since last request: 125.018667 seconds.
  path: Assets/Etra Games/Etra'sStarterAssets/2-Source/Materials/FlashlightMaterial.mat
  artifactKey: Guid(c67ecdca9425a714f9d307441545f578) Importer(815301076,1909f56bfc062723c751e8b465ee728b)
Start importing Assets/Etra Games/Etra'sStarterAssets/2-Source/Materials/FlashlightMaterial.mat using Guid(c67ecdca9425a714f9d307441545f578) Importer(815301076,1909f56bfc062723c751e8b465ee728b)  -> (artifact id: '65eb9dbeed4ce86caee907cc2718aa98') in 0.125666 seconds 
========================================================================
Received Import Request.
  Time since last request: 0.000062 seconds.
  path: Assets/Etra Games/Etra'sStarterAssets/2-Source/ThirdParty/UnityParticlePack/UnityParticlePack/Weapon Effects/Prefabs/MuzzleFlash01.prefab
  artifactKey: Guid(ad2ab49d0a2a17148bd51c93d977bdbc) Importer(815301076,1909f56bfc062723c751e8b465ee728b)
Start importing Assets/Etra Games/Etra'sStarterAssets/2-Source/ThirdParty/UnityParticlePack/UnityParticlePack/Weapon Effects/Prefabs/MuzzleFlash01.prefab using Guid(ad2ab49d0a2a17148bd51c93d977bdbc) Importer(815301076,1909f56bfc062723c751e8b465ee728b)  -> (artifact id: '2d85b10f1733447c573b666b6343e05b') in 0.068626 seconds 
========================================================================
Received Import Request.
  Time since last request: 0.000044 seconds.
  path: Assets/Etra Games/Etra'sStarterAssets/2-Source/ThirdParty/UnityParticlePack/UnityParticlePack/Weapon Effects/Materials/MuzzleFlash01.mat
  artifactKey: Guid(a8cb413d77ceb054abf10c2c6ee66337) Importer(815301076,1909f56bfc062723c751e8b465ee728b)
Start importing Assets/Etra Games/Etra'sStarterAssets/2-Source/ThirdParty/UnityParticlePack/UnityParticlePack/Weapon Effects/Materials/MuzzleFlash01.mat using Guid(a8cb413d77ceb054abf10c2c6ee66337) Importer(815301076,1909f56bfc062723c751e8b465ee728b)  -> (artifact id: 'ffdaf9c4c84ce4d77b269206c4743e45') in 0.019427 seconds 
========================================================================
Received Prepare
Default GameObject BitMask: UI already registered
Registering precompiled user dll's ...
Registered in 0.003037 seconds.
Begin MonoManager ReloadAssembly
Symbol file LoadedFromMemory doesn't match image E:\Avian_Hearts\Library\PackageCache\com.unity.visualscripting@1.8.0\Editor\VisualScripting.Core\Dependencies\YamlDotNet\Unity.VisualScripting.YamlDotNet.dll
Symbol file LoadedFromMemory doesn't match image E:\Avian_Hearts\Library\PackageCache\com.unity.visualscripting@1.8.0\Editor\VisualScripting.Core\Dependencies\DotNetZip\Unity.VisualScripting.IonicZip.dll
Native extension for WindowsStandalone target not found
Native extension for iOS target not found
Native extension for Android target not found
Native extension for WebGL target not found
Refreshing native plugins compatible for Editor in 0.94 ms, found 3 plugins.
Preloading 0 native plugins for Editor in 0.00 ms.
[ScriptCompilation] NOT recompiling all scripts because this is an import worker process. Reason to compile was: Define symbols changed
System.ArgumentException: There is no a valid NamedBuildTarget for BuildTargetGroup 'PSM'
  at UnityEditor.Build.NamedBuildTarget.FromBuildTargetGroup (UnityEditor.BuildTargetGroup buildTargetGroup) [0x0014e] in <e3d2e3f6a525465bbf8c67432a3cb6ef>:0 
  at UnityEditor.PlayerSettings.GetScriptingDefineSymbolsForGroup (UnityEditor.BuildTargetGroup targetGroup) [0x00000] in <e3d2e3f6a525465bbf8c67432a3cb6ef>:0 
  at UnityStandardAssets.CrossPlatformInput.Inspector.CrossPlatformInitialize.GetDefinesList (UnityEditor.BuildTargetGroup group) [0x00000] in E:\Avian_Hearts\Assets\Standard Assets\Editor\CrossPlatformInput\CrossPlatformInputInitialize.cs:134 
  at UnityStandardAssets.CrossPlatformInput.Inspector.CrossPlatformInitialize.SetEnabled (System.String defineName, System.Boolean enable, System.Boolean mobile) [0x00018] in E:\Avian_Hearts\Assets\Standard Assets\Editor\CrossPlatformInput\CrossPlatformInputInitialize.cs:106 
  at UnityStandardAssets.CrossPlatformInput.Inspector.CrossPlatformInitialize..cctor () [0x00050] in E:\Avian_Hearts\Assets\Standard Assets\Editor\CrossPlatformInput\CrossPlatformInputInitialize.cs:22 
UnityEngine.StackTraceUtility:ExtractStackTrace ()
UnityEngine.DebugLogHandler:LogFormat (UnityEngine.LogType,UnityEngine.Object,string,object[])
UnityEngine.Logger:Log (UnityEngine.LogType,object)
UnityEngine.Debug:LogError (object)
UnityEditor.EditorAssemblies:ProcessInitializeOnLoadAttributes (System.Type[])

Mono: successfully reloaded assembly
- Completed reload, in  1.240 seconds
Domain Reload Profiling:
	ReloadAssembly (1241ms)
		BeginReloadAssembly (144ms)
			ExecutionOrderSort (0ms)
			DisableScriptedObjects (4ms)
			BackupInstance (0ms)
			ReleaseScriptingObjects (0ms)
			CreateAndSetChildDomain (44ms)
		EndReloadAssembly (1016ms)
			LoadAssemblies (91ms)
			RebuildTransferFunctionScriptingTraits (0ms)
			SetupTypeCache (302ms)
			ReleaseScriptCaches (2ms)
			RebuildScriptCaches (45ms)
			SetupLoadedEditorAssemblies (543ms)
				LogAssemblyErrors (0ms)
				InitializePlatformSupportModulesInManaged (30ms)
				SetLoadedEditorAssemblies (0ms)
				RefreshPlugins (1ms)
				BeforeProcessingInitializeOnLoad (54ms)
				ProcessInitializeOnLoadAttributes (432ms)
				ProcessInitializeOnLoadMethodAttributes (23ms)
				AfterProcessingInitializeOnLoad (2ms)
				EditorAssembliesLoaded (0ms)
			ExecutionOrderSort2 (0ms)
			AwakeInstancesAfterBackupRestoration (5ms)
Platform modules already initialized, skipping
Refreshing native plugins compatible for Editor in 2.54 ms, found 3 plugins.
Preloading 0 native plugins for Editor in 0.00 ms.
Unloading 3728 Unused Serialized files (Serialized files now loaded: 0)
Unloading 19 unused Assets / (152.8 KB). Loaded Objects now: 4330.
Memory consumption went from 218.9 MB to 218.7 MB.
Total: 5.223600 ms (FindLiveObjects: 0.433800 ms CreateObjectMapping: 0.332500 ms MarkObjects: 4.274800 ms  DeleteObjects: 0.180500 ms)

AssetImportParameters requested are different than current active one (requested -> active):
  custom:video-decoder-ogg-theora: a1e56fd34408186e4bbccfd4996cb3dc -> 
  custom:container-muxer-webm: aa71ff27fc2769a1b78a27578f13a17b -> 
  custom:container-demuxer-webm: 4f35f7cbe854078d1ac9338744f61a02 -> 
  custom:video-encoder-webm-vp8: eb34c28f22e8b96e1ab97ce403110664 -> 
  custom:video-codec-MediaFoundation-h265: 746d11721c4dcdbdad8f713fa42b33f4 -> 
  custom:audio-encoder-webm-vorbis: bf7c407c2cedff20999df2af8eb42d56 -> 
  custom:framework-win-MediaFoundation: 216162199b28c13a410421893ffa2e32 -> 
  custom:container-demuxer-ogg: 62fdf1f143b41e24485cea50d1cbac27 -> 
  custom:video-decoder-webm-vp8: 9c59270c3fd7afecdb556c50c9e8de78 -> 
  custom:audio-decoder-ogg-vorbis: bf7c407c2cedff20999df2af8eb42d56 -> 
========================================================================
Received Import Request.
  Time since last request: 1178.620610 seconds.
  path: Assets/Etra Games/Etra'sStarterAssets/2-Source/ThirdParty/UnityParticlePack/UnityParticlePack/Water Effects/Prefabs/BigSplash.prefab
  artifactKey: Guid(c1c88308ebb5d2541a282905b854ee4c) Importer(815301076,1909f56bfc062723c751e8b465ee728b)
Start importing Assets/Etra Games/Etra'sStarterAssets/2-Source/ThirdParty/UnityParticlePack/UnityParticlePack/Water Effects/Prefabs/BigSplash.prefab using Guid(c1c88308ebb5d2541a282905b854ee4c) Importer(815301076,1909f56bfc062723c751e8b465ee728b)  -> (artifact id: '26cecef7e40e5f0556d33bae0bba06c2') in 2.160299 seconds 
========================================================================
Received Import Request.
  Time since last request: 0.000047 seconds.
  path: Assets/Etra Games/Etra'sStarterAssets/1-UserAssets/EtraStandardMenus/UiElements/EtraSettingSlider.prefab
  artifactKey: Guid(96a4ed7ce102d464d9702ea25d37c1c3) Importer(815301076,1909f56bfc062723c751e8b465ee728b)
Start importing Assets/Etra Games/Etra'sStarterAssets/1-UserAssets/EtraStandardMenus/UiElements/EtraSettingSlider.prefab using Guid(96a4ed7ce102d464d9702ea25d37c1c3) Importer(815301076,1909f56bfc062723c751e8b465ee728b)  -> (artifact id: '2fef64f2e07a6ae4748e8e650dd8f418') in 0.079098 seconds 
========================================================================
Received Import Request.
  Time since last request: 0.000041 seconds.
  path: Assets/Etra Games/Etra'sStarterAssets/2-Source/ResourcesRoot/CharacterAssetBaseSources/Resources/EtraCharacterAssetGroup.prefab
  artifactKey: Guid(ff27889952cfd734da5a0b893a7856ea) Importer(815301076,1909f56bfc062723c751e8b465ee728b)
Start importing Assets/Etra Games/Etra'sStarterAssets/2-Source/ResourcesRoot/CharacterAssetBaseSources/Resources/EtraCharacterAssetGroup.prefab using Guid(ff27889952cfd734da5a0b893a7856ea) Importer(815301076,1909f56bfc062723c751e8b465ee728b)  -> (artifact id: 'f994b334f331afab813ba491fd65020e') in 0.559165 seconds 
========================================================================
Received Import Request.
  Time since last request: 0.000031 seconds.
  path: Assets/Etra Games/Etra'sStarterAssets/2-Source/ResourcesRoot/CharacterAssetBaseSources/Resources/EtraCharacterAssetBase.prefab
  artifactKey: Guid(4b8e69fb65b831b4e85fa897279b48ae) Importer(815301076,1909f56bfc062723c751e8b465ee728b)
Start importing Assets/Etra Games/Etra'sStarterAssets/2-Source/ResourcesRoot/CharacterAssetBaseSources/Resources/EtraCharacterAssetBase.prefab using Guid(4b8e69fb65b831b4e85fa897279b48ae) Importer(815301076,1909f56bfc062723c751e8b465ee728b)  -> (artifact id: 'dd53143c572620054581c0d97572130a') in 0.064934 seconds 
========================================================================
Received Import Request.
  Time since last request: 0.000042 seconds.
  path: Assets/Etra Games/Etra'sStarterAssets/2-Source/ThirdParty/UnityParticlePack/UnityParticlePack/Fire & Explosion Effects/Prefabs/FlameStream.prefab
  artifactKey: Guid(bccc7a794e75b2a44a4b0dac69160b7b) Importer(815301076,1909f56bfc062723c751e8b465ee728b)
Start importing Assets/Etra Games/Etra'sStarterAssets/2-Source/ThirdParty/UnityParticlePack/UnityParticlePack/Fire & Explosion Effects/Prefabs/FlameStream.prefab using Guid(bccc7a794e75b2a44a4b0dac69160b7b) Importer(815301076,1909f56bfc062723c751e8b465ee728b)  -> (artifact id: '7fd004472021805eaee010bf16a6185c') in 0.035694 seconds 
========================================================================
Received Import Request.
  Time since last request: 0.000027 seconds.
  path: Assets/Etra Games/Etra'sStarterAssets/2-Source/ThirdParty/UnityParticlePack/UnityParticlePack/Weapon Effects/Prefabs/MetalImpacts.prefab
  artifactKey: Guid(44be68b4fc4366142a9cd1ae1f761ea4) Importer(815301076,1909f56bfc062723c751e8b465ee728b)
Start importing Assets/Etra Games/Etra'sStarterAssets/2-Source/ThirdParty/UnityParticlePack/UnityParticlePack/Weapon Effects/Prefabs/MetalImpacts.prefab using Guid(44be68b4fc4366142a9cd1ae1f761ea4) Importer(815301076,1909f56bfc062723c751e8b465ee728b)  -> (artifact id: '65f45f8bc3874a2708a8b14a03ab09c3') in 2.143180 seconds 
========================================================================
Received Import Request.
  Time since last request: 0.000028 seconds.
  path: Assets/Art/Sci-Fi Weapons/Base Pack/Prefabs/Heavys/Heavy_08.prefab
  artifactKey: Guid(8d43e76b346f2f8448846e9211629d15) Importer(815301076,1909f56bfc062723c751e8b465ee728b)
Start importing Assets/Art/Sci-Fi Weapons/Base Pack/Prefabs/Heavys/Heavy_08.prefab using Guid(8d43e76b346f2f8448846e9211629d15) Importer(815301076,1909f56bfc062723c751e8b465ee728b)  -> (artifact id: '36b95160cd3ca48ed9675034e063e2d0') in 0.094346 seconds 
========================================================================
Received Import Request.
  Time since last request: 0.000048 seconds.
  path: Assets/Etra Games/Etra'sStarterAssets/2-Source/ResourcesRoot/CharacterAssetModelTypes/Resources/InvisibleCapsuleModel.prefab
  artifactKey: Guid(b23fa620c627a96449eb70f39c7f5b94) Importer(815301076,1909f56bfc062723c751e8b465ee728b)
Start importing Assets/Etra Games/Etra'sStarterAssets/2-Source/ResourcesRoot/CharacterAssetModelTypes/Resources/InvisibleCapsuleModel.prefab using Guid(b23fa620c627a96449eb70f39c7f5b94) Importer(815301076,1909f56bfc062723c751e8b465ee728b)  -> (artifact id: '1779026c64ba1008fb2b434a7cf4cf91') in 0.015246 seconds 
========================================================================
Received Import Request.
  Time since last request: 0.000032 seconds.
  path: Assets/Etra Games/Etra'sStarterAssets/1-UserAssets/CharacterAsset/Prefabs/EtraFPSDemoCharacter.prefab
  artifactKey: Guid(a5f1d5a79b0a14d449babb6122d0d12c) Importer(815301076,1909f56bfc062723c751e8b465ee728b)
Start importing Assets/Etra Games/Etra'sStarterAssets/1-UserAssets/CharacterAsset/Prefabs/EtraFPSDemoCharacter.prefab using Guid(a5f1d5a79b0a14d449babb6122d0d12c) Importer(815301076,1909f56bfc062723c751e8b465ee728b)  -> (artifact id: '65b566ad1cd03c5be2dafaf2a0e295ee') in 0.321189 seconds 
========================================================================
Received Import Request.
  Time since last request: 0.000068 seconds.
  path: Assets/Etra Games/Etra'sStarterAssets/2-Source/ThirdParty/StarterAssets-FPC/StarterAssets/Environment/Prefabs/Box_350x250x200_Prefab.prefab
  artifactKey: Guid(7b846d8f536f007498c941069487ce81) Importer(815301076,1909f56bfc062723c751e8b465ee728b)
Start importing Assets/Etra Games/Etra'sStarterAssets/2-Source/ThirdParty/StarterAssets-FPC/StarterAssets/Environment/Prefabs/Box_350x250x200_Prefab.prefab using Guid(7b846d8f536f007498c941069487ce81) Importer(815301076,1909f56bfc062723c751e8b465ee728b)  -> (artifact id: 'dde4026490d1fad3823df188297dac04') in 0.026211 seconds 
========================================================================
Received Import Request.
  Time since last request: 0.000054 seconds.
  path: Assets/Etra Games/Etra'sStarterAssets/1-UserAssets/InteractableObjects/MovingPlatform/MovingPlatformStarter.prefab
  artifactKey: Guid(a97aaac082cc7db43b1cefa1b1b09067) Importer(815301076,1909f56bfc062723c751e8b465ee728b)
Start importing Assets/Etra Games/Etra'sStarterAssets/1-UserAssets/InteractableObjects/MovingPlatform/MovingPlatformStarter.prefab using Guid(a97aaac082cc7db43b1cefa1b1b09067) Importer(815301076,1909f56bfc062723c751e8b465ee728b)  -> (artifact id: 'f90a1d271d55dc4ea296f34076938987') in 0.029094 seconds 
========================================================================
Received Import Request.
  Time since last request: 0.000032 seconds.
  path: Assets/Etra Games/Etra'sStarterAssets/2-Source/ThirdParty/StarterAssets-FPC/StarterAssets/Environment/Prefabs/Box_350x250x300_Prefab.prefab
  artifactKey: Guid(687dbafc2b84b2846b9a4a7a7dae2a7e) Importer(815301076,1909f56bfc062723c751e8b465ee728b)
Start importing Assets/Etra Games/Etra'sStarterAssets/2-Source/ThirdParty/StarterAssets-FPC/StarterAssets/Environment/Prefabs/Box_350x250x300_Prefab.prefab using Guid(687dbafc2b84b2846b9a4a7a7dae2a7e) Importer(815301076,1909f56bfc062723c751e8b465ee728b)  -> (artifact id: '9122372c50d99d840baf5f0e2d2b84a1') in 0.025164 seconds 
========================================================================
Received Import Request.
  Time since last request: 0.000033 seconds.
  path: Assets/Etra Games/Etra'sStarterAssets/2-Source/ThirdParty/UnityParticlePack/UnityParticlePack/Misc Effects/Prefabs/Candles.prefab
  artifactKey: Guid(86f883933a872f542994368197c83b5b) Importer(815301076,1909f56bfc062723c751e8b465ee728b)
Start importing Assets/Etra Games/Etra'sStarterAssets/2-Source/ThirdParty/UnityParticlePack/UnityParticlePack/Misc Effects/Prefabs/Candles.prefab using Guid(86f883933a872f542994368197c83b5b) Importer(815301076,1909f56bfc062723c751e8b465ee728b)  -> (artifact id: '3009ef5fd2e5f97925ea37ccb5992a73') in 0.056839 seconds 
========================================================================
Received Import Request.
  Time since last request: 0.000029 seconds.
  path: Assets/Etra Games/Etra'sStarterAssets/2-Source/ResourcesRoot/CharacterAssetBaseSources/Resources/Etra'sStarterAssetsFollowCamera.prefab
  artifactKey: Guid(b36d101666bc95a469e7f8b1366d42c1) Importer(815301076,1909f56bfc062723c751e8b465ee728b)
Start importing Assets/Etra Games/Etra'sStarterAssets/2-Source/ResourcesRoot/CharacterAssetBaseSources/Resources/Etra'sStarterAssetsFollowCamera.prefab using Guid(b36d101666bc95a469e7f8b1366d42c1) Importer(815301076,1909f56bfc062723c751e8b465ee728b)  -> (artifact id: 'fca0c62af09a9a82240727208f2ab44e') in 0.016478 seconds 
========================================================================
Received Import Request.
  Time since last request: 0.000023 seconds.
  path: Assets/Etra Games/Etra'sStarterAssets/1-UserAssets/InteractableObjects/CheckpointUpdater/CheckpointUpdater.prefab
  artifactKey: Guid(cc04179483fc4d2429b4dc63541ee1b8) Importer(815301076,1909f56bfc062723c751e8b465ee728b)
Start importing Assets/Etra Games/Etra'sStarterAssets/1-UserAssets/InteractableObjects/CheckpointUpdater/CheckpointUpdater.prefab using Guid(cc04179483fc4d2429b4dc63541ee1b8) Importer(815301076,1909f56bfc062723c751e8b465ee728b)  -> (artifact id: '764d5ad3ee32ff8c3fe041bc055fbd25') in 0.052573 seconds 
========================================================================
Received Import Request.
  Time since last request: 0.000027 seconds.
  path: Assets/Etra Games/Etra'sStarterAssets/2-Source/ThirdParty/UnityParticlePack/UnityParticlePack/Fire & Explosion Effects/Prefabs/DustExplosion.prefab
  artifactKey: Guid(d8f0099df63275647a8bcf646df1ca00) Importer(815301076,1909f56bfc062723c751e8b465ee728b)
Start importing Assets/Etra Games/Etra'sStarterAssets/2-Source/ThirdParty/UnityParticlePack/UnityParticlePack/Fire & Explosion Effects/Prefabs/DustExplosion.prefab using Guid(d8f0099df63275647a8bcf646df1ca00) Importer(815301076,1909f56bfc062723c751e8b465ee728b)  -> (artifact id: '3b13a57c56f20e80ef0db0d2c7ea7f36') in 0.060884 seconds 
========================================================================
Received Import Request.
  Time since last request: 0.000058 seconds.
  path: Assets/Etra Games/Etra'sStarterAssets/2-Source/ResourcesRoot/TPS/Resources/Etra'sStarterAssetsThirdPersonAimCamera.prefab
  artifactKey: Guid(3238cf18182f7494981dee1f644ada7a) Importer(815301076,1909f56bfc062723c751e8b465ee728b)
Start importing Assets/Etra Games/Etra'sStarterAssets/2-Source/ResourcesRoot/TPS/Resources/Etra'sStarterAssetsThirdPersonAimCamera.prefab using Guid(3238cf18182f7494981dee1f644ada7a) Importer(815301076,1909f56bfc062723c751e8b465ee728b)  -> (artifact id: 'd7d0576ed7f5d9abcb33b9ac4b27b38c') in 0.014214 seconds 
========================================================================
Received Import Request.
  Time since last request: 0.000036 seconds.
  path: Assets/Etra Games/Etra'sStarterAssets/2-Source/ThirdParty/UnityParticlePack/UnityParticlePack/Misc Effects/Prefabs/ElectricalSparks.prefab
  artifactKey: Guid(96b2ec0239d11fa4b9792311efceb8ed) Importer(815301076,1909f56bfc062723c751e8b465ee728b)
Start importing Assets/Etra Games/Etra'sStarterAssets/2-Source/ThirdParty/UnityParticlePack/UnityParticlePack/Misc Effects/Prefabs/ElectricalSparks.prefab using Guid(96b2ec0239d11fa4b9792311efceb8ed) Importer(815301076,1909f56bfc062723c751e8b465ee728b)  -> (artifact id: 'cb358ee2b95bf9fa18c685fe7ca0b6e0') in 0.198237 seconds 
========================================================================
Received Import Request.
  Time since last request: 0.000026 seconds.
  path: Assets/Etra Games/Etra'sStarterAssets/2-Source/ThirdParty/UnityParticlePack/UnityParticlePack/Fire & Explosion Effects/Prefabs/LargeFlames.prefab
  artifactKey: Guid(bb98861c48ad2024ca93498c7dd93a6c) Importer(815301076,1909f56bfc062723c751e8b465ee728b)
Start importing Assets/Etra Games/Etra'sStarterAssets/2-Source/ThirdParty/UnityParticlePack/UnityParticlePack/Fire & Explosion Effects/Prefabs/LargeFlames.prefab using Guid(bb98861c48ad2024ca93498c7dd93a6c) Importer(815301076,1909f56bfc062723c751e8b465ee728b)  -> (artifact id: '43c21c0f627defb0843b1faf1fe77abb') in 0.033515 seconds 
========================================================================
Received Import Request.
  Time since last request: 0.000041 seconds.
  path: Assets/Etra Games/Etra'sStarterAssets/1-UserAssets/CharacterAsset/Prefabs/EtraTPSDemoCharacter.prefab
  artifactKey: Guid(e9fe2e429d40ed44ab9216d438cc6800) Importer(815301076,1909f56bfc062723c751e8b465ee728b)
Start importing Assets/Etra Games/Etra'sStarterAssets/1-UserAssets/CharacterAsset/Prefabs/EtraTPSDemoCharacter.prefab using Guid(e9fe2e429d40ed44ab9216d438cc6800) Importer(815301076,1909f56bfc062723c751e8b465ee728b)  -> (artifact id: '5559ef711c16db3222e388e6aee82244') in 0.186431 seconds 
========================================================================
Received Import Request.
  Time since last request: 0.000033 seconds.
  path: Assets/Etra Games/Etra'sStarterAssets/2-Source/ResourcesRoot/CharacterAssetModelTypes/Resources/DefaultArmatureCharacterModel.prefab
  artifactKey: Guid(b1d45aceed9fd96489e72e37e3b3ad19) Importer(815301076,1909f56bfc062723c751e8b465ee728b)
Start importing Assets/Etra Games/Etra'sStarterAssets/2-Source/ResourcesRoot/CharacterAssetModelTypes/Resources/DefaultArmatureCharacterModel.prefab using Guid(b1d45aceed9fd96489e72e37e3b3ad19) Importer(815301076,1909f56bfc062723c751e8b465ee728b)  -> (artifact id: 'cbc13214d768007fec23ab560c8c7567') in 0.065124 seconds 
========================================================================
Received Import Request.
  Time since last request: 0.000031 seconds.
  path: Assets/Etra Games/Etra'sStarterAssets/2-Source/ThirdParty/StarterAssets-FPC/StarterAssets/Environment/Prefabs/Box_100x100x100_Prefab.prefab
  artifactKey: Guid(e5f4daf24146ee040b5a2d7a73b30aa0) Importer(815301076,1909f56bfc062723c751e8b465ee728b)
Start importing Assets/Etra Games/Etra'sStarterAssets/2-Source/ThirdParty/StarterAssets-FPC/StarterAssets/Environment/Prefabs/Box_100x100x100_Prefab.prefab using Guid(e5f4daf24146ee040b5a2d7a73b30aa0) Importer(815301076,1909f56bfc062723c751e8b465ee728b)  -> (artifact id: '01db454a63f4ced6071d31e9effdb870') in 0.020680 seconds 
========================================================================
Received Import Request.
  Time since last request: 0.000035 seconds.
  path: Assets/Etra Games/Etra'sStarterAssets/2-Source/ResourcesRoot/CharacterAssetModelTypes/Resources/CapsuleCharacterModel.prefab
  artifactKey: Guid(753535d94be8d1e4f975a40d2983eb01) Importer(815301076,1909f56bfc062723c751e8b465ee728b)
Start importing Assets/Etra Games/Etra'sStarterAssets/2-Source/ResourcesRoot/CharacterAssetModelTypes/Resources/CapsuleCharacterModel.prefab using Guid(753535d94be8d1e4f975a40d2983eb01) Importer(815301076,1909f56bfc062723c751e8b465ee728b)  -> (artifact id: '3e1efc5a86ff90d7c65235deea40bbf5') in 0.015092 seconds 
========================================================================
Received Import Request.
  Time since last request: 0.000032 seconds.
  path: Assets/Etra Games/Etra'sStarterAssets/2-Source/ResourcesRoot/CharacterAssetBaseSources/Resources/EtraCharacterAssetCanvas.prefab
  artifactKey: Guid(b654c2ad02dd49d4db3269908969487c) Importer(815301076,1909f56bfc062723c751e8b465ee728b)
Start importing Assets/Etra Games/Etra'sStarterAssets/2-Source/ResourcesRoot/CharacterAssetBaseSources/Resources/EtraCharacterAssetCanvas.prefab using Guid(b654c2ad02dd49d4db3269908969487c) Importer(815301076,1909f56bfc062723c751e8b465ee728b)  -> (artifact id: '76845824633df30def03539b5954555d') in 0.011189 seconds 
========================================================================
Received Import Request.
  Time since last request: 0.000025 seconds.
  path: Assets/Etra Games/Etra'sStarterAssets/1-UserAssets/EtraStandardMenus/UiElements/EtraToggle.prefab
  artifactKey: Guid(417ea202c17302944a1bbcad251a2229) Importer(815301076,1909f56bfc062723c751e8b465ee728b)
Start importing Assets/Etra Games/Etra'sStarterAssets/1-UserAssets/EtraStandardMenus/UiElements/EtraToggle.prefab using Guid(417ea202c17302944a1bbcad251a2229) Importer(815301076,1909f56bfc062723c751e8b465ee728b)  -> (artifact id: '29fe7134713e0df6f1a215497174ddb8') in 0.024463 seconds 
========================================================================
Received Import Request.
  Time since last request: 0.000029 seconds.
  path: Assets/Etra Games/Etra'sStarterAssets/2-Source/ResourcesRoot/FPS/Resources/ExampleProjectile.prefab
  artifactKey: Guid(91a317a67144d3046b002e72f67fc99b) Importer(815301076,1909f56bfc062723c751e8b465ee728b)
Start importing Assets/Etra Games/Etra'sStarterAssets/2-Source/ResourcesRoot/FPS/Resources/ExampleProjectile.prefab using Guid(91a317a67144d3046b002e72f67fc99b) Importer(815301076,1909f56bfc062723c751e8b465ee728b)  -> (artifact id: '8080c68a210f202ce069bad29b369721') in 0.017619 seconds 
========================================================================
Received Import Request.
  Time since last request: 0.000024 seconds.
  path: Assets/Etra Games/Etra'sStarterAssets/2-Source/ResourcesRoot/FPS/Resources/FPSBlasterGroup.prefab
  artifactKey: Guid(e1665db0efe4ceb48895241485203ab5) Importer(815301076,1909f56bfc062723c751e8b465ee728b)
Start importing Assets/Etra Games/Etra'sStarterAssets/2-Source/ResourcesRoot/FPS/Resources/FPSBlasterGroup.prefab using Guid(e1665db0efe4ceb48895241485203ab5) Importer(815301076,1909f56bfc062723c751e8b465ee728b)  -> (artifact id: 'bf508f903d17f9f5fd26849f50458330') in 1.507168 seconds 
========================================================================
Received Prepare
Default GameObject BitMask: UI already registered
Registering precompiled user dll's ...
Registered in 0.002285 seconds.
Begin MonoManager ReloadAssembly
Symbol file LoadedFromMemory doesn't match image E:\Avian_Hearts\Library\PackageCache\com.unity.visualscripting@1.8.0\Editor\VisualScripting.Core\Dependencies\YamlDotNet\Unity.VisualScripting.YamlDotNet.dll
Symbol file LoadedFromMemory doesn't match image E:\Avian_Hearts\Library\PackageCache\com.unity.visualscripting@1.8.0\Editor\VisualScripting.Core\Dependencies\DotNetZip\Unity.VisualScripting.IonicZip.dll
Native extension for WindowsStandalone target not found
Native extension for iOS target not found
Native extension for Android target not found
Native extension for WebGL target not found
Refreshing native plugins compatible for Editor in 0.72 ms, found 3 plugins.
Preloading 0 native plugins for Editor in 0.00 ms.
Mono: successfully reloaded assembly
- Completed reload, in  1.081 seconds
Domain Reload Profiling:
	ReloadAssembly (1082ms)
		BeginReloadAssembly (120ms)
			ExecutionOrderSort (0ms)
			DisableScriptedObjects (3ms)
			BackupInstance (0ms)
			ReleaseScriptingObjects (0ms)
			CreateAndSetChildDomain (39ms)
		EndReloadAssembly (884ms)
			LoadAssemblies (68ms)
			RebuildTransferFunctionScriptingTraits (0ms)
			SetupTypeCache (261ms)
			ReleaseScriptCaches (1ms)
			RebuildScriptCaches (38ms)
			SetupLoadedEditorAssemblies (482ms)
				LogAssemblyErrors (0ms)
				InitializePlatformSupportModulesInManaged (23ms)
				SetLoadedEditorAssemblies (0ms)
				RefreshPlugins (1ms)
				BeforeProcessingInitializeOnLoad (48ms)
				ProcessInitializeOnLoadAttributes (387ms)
				ProcessInitializeOnLoadMethodAttributes (21ms)
				AfterProcessingInitializeOnLoad (2ms)
				EditorAssembliesLoaded (0ms)
			ExecutionOrderSort2 (0ms)
			AwakeInstancesAfterBackupRestoration (5ms)
Platform modules already initialized, skipping
Refreshing native plugins compatible for Editor in 2.06 ms, found 3 plugins.
Preloading 0 native plugins for Editor in 0.00 ms.
Unloading 3728 Unused Serialized files (Serialized files now loaded: 0)
Unloading 30 unused Assets / (157.9 KB). Loaded Objects now: 4353.
Memory consumption went from 232.7 MB to 232.5 MB.
Total: 4.743400 ms (FindLiveObjects: 0.365500 ms CreateObjectMapping: 0.139600 ms MarkObjects: 4.011000 ms  DeleteObjects: 0.225700 ms)

AssetImportParameters requested are different than current active one (requested -> active):
  custom:video-decoder-ogg-theora: a1e56fd34408186e4bbccfd4996cb3dc -> 
  custom:container-muxer-webm: aa71ff27fc2769a1b78a27578f13a17b -> 
  custom:container-demuxer-webm: 4f35f7cbe854078d1ac9338744f61a02 -> 
  custom:video-encoder-webm-vp8: eb34c28f22e8b96e1ab97ce403110664 -> 
  custom:video-codec-MediaFoundation-h265: 746d11721c4dcdbdad8f713fa42b33f4 -> 
  custom:audio-encoder-webm-vorbis: bf7c407c2cedff20999df2af8eb42d56 -> 
  custom:framework-win-MediaFoundation: 216162199b28c13a410421893ffa2e32 -> 
  custom:container-demuxer-ogg: 62fdf1f143b41e24485cea50d1cbac27 -> 
  custom:video-decoder-webm-vp8: 9c59270c3fd7afecdb556c50c9e8de78 -> 
  custom:audio-decoder-ogg-vorbis: bf7c407c2cedff20999df2af8eb42d56 -> 
========================================================================
Received Import Request.
  Time since last request: 174.497202 seconds.
  path: Assets/Etra Games/Etra'sStarterAssets/2-Source/ThirdParty/StarterAssets-FPC/StarterAssets/Environment/Art/Models/Stairs_200x100x200_Mesh.fbx
  artifactKey: Guid(fce3bf5a5b603db45ab0048fb6ab44df) Importer(815301076,1909f56bfc062723c751e8b465ee728b)
Start importing Assets/Etra Games/Etra'sStarterAssets/2-Source/ThirdParty/StarterAssets-FPC/StarterAssets/Environment/Art/Models/Stairs_200x100x200_Mesh.fbx using Guid(fce3bf5a5b603db45ab0048fb6ab44df) Importer(815301076,1909f56bfc062723c751e8b465ee728b)  -> (artifact id: '99cadd9b6324739d83492b05131b092f') in 0.202524 seconds 
========================================================================
Received Import Request.
  Time since last request: 0.000092 seconds.
  path: Assets/Etra Games/Etra'sStarterAssets/2-Source/Models/TargetModel/Default_Material.mat
  artifactKey: Guid(c8487b6962a909540baec3bbfd4ff86a) Importer(815301076,1909f56bfc062723c751e8b465ee728b)
Start importing Assets/Etra Games/Etra'sStarterAssets/2-Source/Models/TargetModel/Default_Material.mat using Guid(c8487b6962a909540baec3bbfd4ff86a) Importer(815301076,1909f56bfc062723c751e8b465ee728b)  -> (artifact id: 'ea314cbd0a5fae9054238a655f126c77') in 0.027547 seconds 
========================================================================
Received Import Request.
  Time since last request: 0.000067 seconds.
  path: Assets/Etra Games/Etra'sStarterAssets/2-Source/Materials/CapsuleMaterial.mat
  artifactKey: Guid(b7a799f4f45c3f941b95154e944c2707) Importer(815301076,1909f56bfc062723c751e8b465ee728b)
Start importing Assets/Etra Games/Etra'sStarterAssets/2-Source/Materials/CapsuleMaterial.mat using Guid(b7a799f4f45c3f941b95154e944c2707) Importer(815301076,1909f56bfc062723c751e8b465ee728b)  -> (artifact id: '5e1384db31bceef005954ea790fc306a') in 0.023822 seconds 
========================================================================
Received Import Request.
  Time since last request: 0.000044 seconds.
  path: Assets/Etra Games/Etra'sStarterAssets/2-Source/Materials/CheckpointTeleporters/ArrowYellow.mat
  artifactKey: Guid(e55620d26c71ddc4382c00db7df94a14) Importer(815301076,1909f56bfc062723c751e8b465ee728b)
Start importing Assets/Etra Games/Etra'sStarterAssets/2-Source/Materials/CheckpointTeleporters/ArrowYellow.mat using Guid(e55620d26c71ddc4382c00db7df94a14) Importer(815301076,1909f56bfc062723c751e8b465ee728b)  -> (artifact id: '841440830450b08c5d8c13e3886d9410') in 0.023281 seconds 
========================================================================
Received Import Request.
  Time since last request: 0.000032 seconds.
  path: Assets/Etra Games/Etra'sStarterAssets/2-Source/Models/TargetModel/Materials/Default_Material.mat
  artifactKey: Guid(d56f528c401431841900248ec32f3fe0) Importer(815301076,1909f56bfc062723c751e8b465ee728b)
Start importing Assets/Etra Games/Etra'sStarterAssets/2-Source/Models/TargetModel/Materials/Default_Material.mat using Guid(d56f528c401431841900248ec32f3fe0) Importer(815301076,1909f56bfc062723c751e8b465ee728b)  -> (artifact id: '42e56e125f130090805dd31b5f15f64c') in 0.038707 seconds 
========================================================================
Received Import Request.
  Time since last request: 0.000045 seconds.
  path: Assets/Etra Games/Etra'sStarterAssets/2-Source/Models/CodyModels/characterMat.mat
  artifactKey: Guid(bbd483bd0da3cd94cbb105de60e11bfd) Importer(815301076,1909f56bfc062723c751e8b465ee728b)
Start importing Assets/Etra Games/Etra'sStarterAssets/2-Source/Models/CodyModels/characterMat.mat using Guid(bbd483bd0da3cd94cbb105de60e11bfd) Importer(815301076,1909f56bfc062723c751e8b465ee728b)  -> (artifact id: '28261543771bf520b329982e1ec67c84') in 0.040193 seconds 
========================================================================
Received Import Request.
  Time since last request: 0.000043 seconds.
  path: Assets/Etra Games/Etra'sStarterAssets/2-Source/ThirdParty/UnityParticlePack/UnityParticlePack/Fire & Explosion Effects/Materials/Embers.mat
  artifactKey: Guid(776677ab3818fb249adaca05f4e04545) Importer(815301076,1909f56bfc062723c751e8b465ee728b)
Start importing Assets/Etra Games/Etra'sStarterAssets/2-Source/ThirdParty/UnityParticlePack/UnityParticlePack/Fire & Explosion Effects/Materials/Embers.mat using Guid(776677ab3818fb249adaca05f4e04545) Importer(815301076,1909f56bfc062723c751e8b465ee728b)  -> (artifact id: '8cdde907fe8d6f6ab1c4be0c052382f2') in 0.025487 seconds 
========================================================================
Received Import Request.
  Time since last request: 0.000033 seconds.
  path: Assets/Etra Games/Etra'sStarterAssets/2-Source/Materials/Button/ButtonHover.mat
  artifactKey: Guid(5e8f254478f58e88786a2cade194947a) Importer(815301076,1909f56bfc062723c751e8b465ee728b)
Start importing Assets/Etra Games/Etra'sStarterAssets/2-Source/Materials/Button/ButtonHover.mat using Guid(5e8f254478f58e88786a2cade194947a) Importer(815301076,1909f56bfc062723c751e8b465ee728b)  -> (artifact id: '38a10a050d4962268a0e6fc517c12080') in 0.021318 seconds 
========================================================================
Received Import Request.
  Time since last request: 0.000046 seconds.
  path: Assets/Etra Games/Etra'sStarterAssets/2-Source/Models/PuncherEnemy/Turret_Enemy.fbx
  artifactKey: Guid(65c413e8ceb8f5e42be41662136bf740) Importer(815301076,1909f56bfc062723c751e8b465ee728b)
Start importing Assets/Etra Games/Etra'sStarterAssets/2-Source/Models/PuncherEnemy/Turret_Enemy.fbx using Guid(65c413e8ceb8f5e42be41662136bf740) Importer(815301076,1909f56bfc062723c751e8b465ee728b)  -> (artifact id: 'ac237ce70d39f8253fb631615004fba6') in 0.125133 seconds 
========================================================================
Received Import Request.
  Time since last request: 0.000063 seconds.
  path: Assets/Etra Games/Etra'sStarterAssets/2-Source/ThirdParty/UnityParticlePack/UnityParticlePack/Weapon Effects/Materials/BulletDecalSand.mat
  artifactKey: Guid(0a35d64bb8fd24f47b8bf3802f71313b) Importer(815301076,1909f56bfc062723c751e8b465ee728b)
Start importing Assets/Etra Games/Etra'sStarterAssets/2-Source/ThirdParty/UnityParticlePack/UnityParticlePack/Weapon Effects/Materials/BulletDecalSand.mat using Guid(0a35d64bb8fd24f47b8bf3802f71313b) Importer(815301076,1909f56bfc062723c751e8b465ee728b)  -> (artifact id: '801e7f251198c98bc55aa7282247550b') in 0.044156 seconds 
========================================================================
Received Import Request.
  Time since last request: 0.000022 seconds.
  path: Assets/Etra Games/Etra'sStarterAssets/2-Source/ThirdParty/UnityParticlePack/UnityParticlePack/Misc Effects/Materials/CandleFlame.mat
  artifactKey: Guid(d960d897cdc819041a73dceb80befb85) Importer(815301076,1909f56bfc062723c751e8b465ee728b)
Start importing Assets/Etra Games/Etra'sStarterAssets/2-Source/ThirdParty/UnityParticlePack/UnityParticlePack/Misc Effects/Materials/CandleFlame.mat using Guid(d960d897cdc819041a73dceb80befb85) Importer(815301076,1909f56bfc062723c751e8b465ee728b)  -> (artifact id: '4aa0e99887e3ae1beee2e11da6e21487') in 0.017563 seconds 
========================================================================
Received Import Request.
  Time since last request: 0.000024 seconds.
  path: Assets/Etra Games/Etra'sStarterAssets/2-Source/Models/CodyModels/characterJump_1.obj
  artifactKey: Guid(3fcd0b22c2baab54b9d6325ddc633291) Importer(815301076,1909f56bfc062723c751e8b465ee728b)
Start importing Assets/Etra Games/Etra'sStarterAssets/2-Source/Models/CodyModels/characterJump_1.obj using Guid(3fcd0b22c2baab54b9d6325ddc633291) Importer(815301076,1909f56bfc062723c751e8b465ee728b)  -> (artifact id: '0cfddea0a8feee0f0e814da78af35922') in 0.050525 seconds 
========================================================================
Received Import Request.
  Time since last request: 0.000025 seconds.
  path: Assets/Etra Games/Etra'sStarterAssets/2-Source/ThirdParty/UnityParticlePack/UnityParticlePack/Misc Effects/Materials/ElectricalSparks.mat
  artifactKey: Guid(a6492a173e6c03f48899880b96cca600) Importer(815301076,1909f56bfc062723c751e8b465ee728b)
Start importing Assets/Etra Games/Etra'sStarterAssets/2-Source/ThirdParty/UnityParticlePack/UnityParticlePack/Misc Effects/Materials/ElectricalSparks.mat using Guid(a6492a173e6c03f48899880b96cca600) Importer(815301076,1909f56bfc062723c751e8b465ee728b)  -> (artifact id: '2360e3e7f64128900eadc160be2a50f8') in 0.014637 seconds 
========================================================================
Received Import Request.
  Time since last request: 0.000032 seconds.
  path: Assets/Etra Games/Etra'sStarterAssets/2-Source/Models/CodyModels/characterWalk_1.obj
  artifactKey: Guid(bbd07f5bea472594b9b608efd5357525) Importer(815301076,1909f56bfc062723c751e8b465ee728b)
Start importing Assets/Etra Games/Etra'sStarterAssets/2-Source/Models/CodyModels/characterWalk_1.obj using Guid(bbd07f5bea472594b9b608efd5357525) Importer(815301076,1909f56bfc062723c751e8b465ee728b)  -> (artifact id: 'b7012faf449716c35676265fe46edbed') in 0.033704 seconds 
========================================================================
Received Import Request.
  Time since last request: 0.000033 seconds.
  path: Assets/Etra Games/Etra'sStarterAssets/2-Source/Models/CodyModels/characterIdle_2.obj
  artifactKey: Guid(4a7f53fd7adced34e8838d2564464810) Importer(815301076,1909f56bfc062723c751e8b465ee728b)
Start importing Assets/Etra Games/Etra'sStarterAssets/2-Source/Models/CodyModels/characterIdle_2.obj using Guid(4a7f53fd7adced34e8838d2564464810) Importer(815301076,1909f56bfc062723c751e8b465ee728b)  -> (artifact id: 'dd1150f898127e290b58d0cbe4284df7') in 0.050680 seconds 
========================================================================
Received Import Request.
  Time since last request: 0.000023 seconds.
  path: Assets/Etra Games/Etra'sStarterAssets/2-Source/Materials/Button/ButtonPressed.mat
  artifactKey: Guid(08821076175444faab3ff218b8ec4b05) Importer(815301076,1909f56bfc062723c751e8b465ee728b)
Start importing Assets/Etra Games/Etra'sStarterAssets/2-Source/Materials/Button/ButtonPressed.mat using Guid(08821076175444faab3ff218b8ec4b05) Importer(815301076,1909f56bfc062723c751e8b465ee728b)  -> (artifact id: '6efd3efc2ad41ab5d813ffb699cf1129') in 0.018536 seconds 
========================================================================
Received Import Request.
  Time since last request: 0.000044 seconds.
  path: Assets/Etra Games/Etra'sStarterAssets/2-Source/ThirdParty/UnityParticlePack/UnityParticlePack/Misc Effects/Materials/DissolveChunks.mat
  artifactKey: Guid(3544992394a7b954789108f2fa57027e) Importer(815301076,1909f56bfc062723c751e8b465ee728b)
Start importing Assets/Etra Games/Etra'sStarterAssets/2-Source/ThirdParty/UnityParticlePack/UnityParticlePack/Misc Effects/Materials/DissolveChunks.mat using Guid(3544992394a7b954789108f2fa57027e) Importer(815301076,1909f56bfc062723c751e8b465ee728b)  -> (artifact id: '98fa468e01656fab95b33e4c3a770bd7') in 0.561829 seconds 
========================================================================
Received Import Request.
  Time since last request: 0.000025 seconds.
  path: Assets/Etra Games/Etra'sStarterAssets/2-Source/Materials/Button/ButtonBase.mat
  artifactKey: Guid(fc212598e943389aeb71246005a9b1e8) Importer(815301076,1909f56bfc062723c751e8b465ee728b)
Start importing Assets/Etra Games/Etra'sStarterAssets/2-Source/Materials/Button/ButtonBase.mat using Guid(fc212598e943389aeb71246005a9b1e8) Importer(815301076,1909f56bfc062723c751e8b465ee728b)  -> (artifact id: '1dce025a420d6fb94b11aad71cfb35ac') in 0.016631 seconds 
========================================================================
Received Import Request.
  Time since last request: 0.000034 seconds.
  path: Assets/Etra Games/Etra'sStarterAssets/2-Source/ThirdParty/UnityParticlePack/UnityParticlePack/Weapon Effects/Materials/DustPuffParticle.mat
  artifactKey: Guid(1402721190994cd46b64bf7cba78f5d8) Importer(815301076,1909f56bfc062723c751e8b465ee728b)
Start importing Assets/Etra Games/Etra'sStarterAssets/2-Source/ThirdParty/UnityParticlePack/UnityParticlePack/Weapon Effects/Materials/DustPuffParticle.mat using Guid(1402721190994cd46b64bf7cba78f5d8) Importer(815301076,1909f56bfc062723c751e8b465ee728b)  -> (artifact id: 'fe479529f5893ee9d5835737879d50fc') in 0.019059 seconds 
========================================================================
Received Import Request.
  Time since last request: 0.000026 seconds.
  path: Assets/unity-chan!/Unity-chan! Model/Art/UnityChanShader/Materials/body2.mat
  artifactKey: Guid(7f2129d874298164fb5f703d640feed1) Importer(815301076,1909f56bfc062723c751e8b465ee728b)
Start importing Assets/unity-chan!/Unity-chan! Model/Art/UnityChanShader/Materials/body2.mat using Guid(7f2129d874298164fb5f703d640feed1) Importer(815301076,1909f56bfc062723c751e8b465ee728b)  -> (artifact id: 'da6614ea906c7f0cc562125eba016c50') in 0.025719 seconds 
========================================================================
Received Import Request.
  Time since last request: 0.000046 seconds.
  path: Assets/Etra Games/Etra'sStarterAssets/2-Source/Materials/CheckpointTeleporters/DarkGreenTransparent 1.mat
  artifactKey: Guid(6f7f34ab31e6893418fb50a639c89e63) Importer(815301076,1909f56bfc062723c751e8b465ee728b)
Start importing Assets/Etra Games/Etra'sStarterAssets/2-Source/Materials/CheckpointTeleporters/DarkGreenTransparent 1.mat using Guid(6f7f34ab31e6893418fb50a639c89e63) Importer(815301076,1909f56bfc062723c751e8b465ee728b)  -> (artifact id: 'a871943ae126a7c8934b50beedde8fb8') in 0.017352 seconds 
========================================================================
Received Import Request.
  Time since last request: 0.000061 seconds.
  path: Assets/Etra Games/Etra'sStarterAssets/2-Source/ThirdParty/UnityParticlePack/UnityParticlePack/Misc Effects/Materials/Embers.mat
  artifactKey: Guid(93c97da0a9a11174ab89575db81f7917) Importer(815301076,1909f56bfc062723c751e8b465ee728b)
Start importing Assets/Etra Games/Etra'sStarterAssets/2-Source/ThirdParty/UnityParticlePack/UnityParticlePack/Misc Effects/Materials/Embers.mat using Guid(93c97da0a9a11174ab89575db81f7917) Importer(815301076,1909f56bfc062723c751e8b465ee728b)  -> (artifact id: '0b6d786077f32e2e11d04e74c5ad1aed') in 0.009869 seconds 
========================================================================
Received Import Request.
  Time since last request: 0.000038 seconds.
  path: Assets/Etra Games/Etra'sStarterAssets/2-Source/ThirdParty/UnityParticlePack/UnityParticlePack/Fire & Explosion Effects/Materials/DebrisParticle.mat
  artifactKey: Guid(72815344e9e9c7446895e130936932d7) Importer(815301076,1909f56bfc062723c751e8b465ee728b)
Start importing Assets/Etra Games/Etra'sStarterAssets/2-Source/ThirdParty/UnityParticlePack/UnityParticlePack/Fire & Explosion Effects/Materials/DebrisParticle.mat using Guid(72815344e9e9c7446895e130936932d7) Importer(815301076,1909f56bfc062723c751e8b465ee728b)  -> (artifact id: '3694f385b0a1fb2586e282a754360557') in 0.555340 seconds 
========================================================================
Received Import Request.
  Time since last request: 0.000043 seconds.
  path: Assets/Etra Games/Etra'sStarterAssets/2-Source/Models/CodyModels/characterWalk_2.obj
  artifactKey: Guid(178f745d67c6ab8469d1eff67fce325e) Importer(815301076,1909f56bfc062723c751e8b465ee728b)
Start importing Assets/Etra Games/Etra'sStarterAssets/2-Source/Models/CodyModels/characterWalk_2.obj using Guid(178f745d67c6ab8469d1eff67fce325e) Importer(815301076,1909f56bfc062723c751e8b465ee728b)  -> (artifact id: 'da745a5f872e5bbc1eeeada9e6fe920f') in 0.043631 seconds 
========================================================================
Received Import Request.
  Time since last request: 0.000055 seconds.
  path: Assets/Etra Games/Etra'sStarterAssets/2-Source/Materials/Button/ButtonScreen.mat
  artifactKey: Guid(6a28708f2284af2dc83c94123def9b16) Importer(815301076,1909f56bfc062723c751e8b465ee728b)
Start importing Assets/Etra Games/Etra'sStarterAssets/2-Source/Materials/Button/ButtonScreen.mat using Guid(6a28708f2284af2dc83c94123def9b16) Importer(815301076,1909f56bfc062723c751e8b465ee728b)  -> (artifact id: '4b92eb8447cbf98a48b738224f728e93') in 0.018715 seconds 
========================================================================
Received Import Request.
  Time since last request: 0.000033 seconds.
  path: Assets/unity-chan!/Unity-chan! Model/Art/Materials/body.mat
  artifactKey: Guid(bb570020a8c3bad4bbf803af20e78937) Importer(815301076,1909f56bfc062723c751e8b465ee728b)
Start importing Assets/unity-chan!/Unity-chan! Model/Art/Materials/body.mat using Guid(bb570020a8c3bad4bbf803af20e78937) Importer(815301076,1909f56bfc062723c751e8b465ee728b)  -> (artifact id: 'b4dbc8a4d0af3507e1938b59e9ac73e1') in 0.038384 seconds 
========================================================================
Received Import Request.
  Time since last request: 0.000023 seconds.
  path: Assets/Etra Games/Etra'sStarterAssets/2-Source/Materials/AnchorLineMat.mat
  artifactKey: Guid(525de0f962e3ffd4c92eed482bed3b61) Importer(815301076,1909f56bfc062723c751e8b465ee728b)
Start importing Assets/Etra Games/Etra'sStarterAssets/2-Source/Materials/AnchorLineMat.mat using Guid(525de0f962e3ffd4c92eed482bed3b61) Importer(815301076,1909f56bfc062723c751e8b465ee728b)  -> (artifact id: '494123278ac616e8f11e955e07e72c5f') in 0.174380 seconds 
========================================================================
Received Import Request.
  Time since last request: 0.000023 seconds.
  path: Assets/Etra Games/Etra'sStarterAssets/2-Source/ThirdParty/UnityParticlePack/UnityParticlePack/Misc Effects/Materials/candle.mat
  artifactKey: Guid(475822f8482d0fd4d861c763d1f3934c) Importer(815301076,1909f56bfc062723c751e8b465ee728b)
Start importing Assets/Etra Games/Etra'sStarterAssets/2-Source/ThirdParty/UnityParticlePack/UnityParticlePack/Misc Effects/Materials/candle.mat using Guid(475822f8482d0fd4d861c763d1f3934c) Importer(815301076,1909f56bfc062723c751e8b465ee728b)  -> (artifact id: '6845a144451d02bcb29ccc169e3973b5') in 0.017344 seconds 
========================================================================
Received Import Request.
  Time since last request: 0.000031 seconds.
  path: Assets/Etra Games/Etra'sStarterAssets/2-Source/ThirdParty/UnityParticlePack/UnityParticlePack/Weapon Effects/Materials/BulletDecalMetal.mat
  artifactKey: Guid(094e76e620df5714eb3946120657e1f6) Importer(815301076,1909f56bfc062723c751e8b465ee728b)
Start importing Assets/Etra Games/Etra'sStarterAssets/2-Source/ThirdParty/UnityParticlePack/UnityParticlePack/Weapon Effects/Materials/BulletDecalMetal.mat using Guid(094e76e620df5714eb3946120657e1f6) Importer(815301076,1909f56bfc062723c751e8b465ee728b)  -> (artifact id: 'ec8ac7b697b3679b1a38dbcc05dd42a9') in 0.015973 seconds 
========================================================================
Received Import Request.
  Time since last request: 4.571406 seconds.
  path: Assets/Etra Games/Etra'sStarterAssets/2-Source/ThirdParty/UnityParticlePack/UnityParticlePack/Fire & Explosion Effects/Materials/EnergyShockwave.mat
  artifactKey: Guid(65586f2fde3974c4e9469dfe6cf89338) Importer(815301076,1909f56bfc062723c751e8b465ee728b)
Start importing Assets/Etra Games/Etra'sStarterAssets/2-Source/ThirdParty/UnityParticlePack/UnityParticlePack/Fire & Explosion Effects/Materials/EnergyShockwave.mat using Guid(65586f2fde3974c4e9469dfe6cf89338) Importer(815301076,1909f56bfc062723c751e8b465ee728b)  -> (artifact id: '11750b7a4981e15a14a2eb29710f8400') in 0.035181 seconds 
========================================================================
Received Import Request.
  Time since last request: 0.000055 seconds.
  path: Assets/unity-chan!/Unity-chan! Model/Art/Materials/face.mat
  artifactKey: Guid(4d83bd267b90e934e88637afcd02cb8a) Importer(815301076,1909f56bfc062723c751e8b465ee728b)
Start importing Assets/unity-chan!/Unity-chan! Model/Art/Materials/face.mat using Guid(4d83bd267b90e934e88637afcd02cb8a) Importer(815301076,1909f56bfc062723c751e8b465ee728b)  -> (artifact id: '0897384696377239d1253edb21fbacd1') in 0.089301 seconds 
========================================================================
Received Import Request.
  Time since last request: 0.000055 seconds.
  path: Assets/unity-chan!/Unity-chan! Model/Art/Materials/eye_R1.mat
  artifactKey: Guid(a87def7cf3654cc43add52e645fee2ce) Importer(815301076,1909f56bfc062723c751e8b465ee728b)
Start importing Assets/unity-chan!/Unity-chan! Model/Art/Materials/eye_R1.mat using Guid(a87def7cf3654cc43add52e645fee2ce) Importer(815301076,1909f56bfc062723c751e8b465ee728b)  -> (artifact id: '60cb4077692a698215532443e85847ce') in 0.052517 seconds 
Editor requested this worker to shutdown with reason: Scaling down because of idle timeout
AssetImportWorker is now disconnected from the server
Process exiting
Exiting without the bug reporter. Application will terminate with return code 0